SF:lib/screens/auth/phone_verification_screen.dart
DA:17,1
DA:19,1
DA:21,1
DA:25,1
DA:27,1
DA:31,2
DA:32,0
DA:35,0
DA:49,1
DA:51,2
DA:52,2
DA:53,2
DA:54,1
DA:57,1
DA:58,3
DA:59,1
DA:60,2
DA:61,0
DA:62,0
DA:64,0
DA:71,1
DA:78,4
DA:79,3
DA:80,0
DA:81,1
DA:83,0
DA:87,2
DA:88,1
DA:89,1
DA:93,1
DA:94,3
DA:95,1
DA:97,2
DA:98,1
DA:99,1
DA:101,1
DA:103,0
DA:105,3
DA:109,0
DA:110,0
DA:111,0
DA:112,0
DA:113,0
DA:116,0
DA:117,0
DA:118,0
DA:120,0
DA:121,0
DA:123,0
DA:127,1
DA:129,1
DA:130,1
DA:133,3
DA:136,1
DA:137,3
DA:138,1
DA:142,1
DA:143,3
DA:146,1
DA:147,2
DA:148,3
DA:149,3
DA:153,1
DA:154,3
DA:157,1
DA:158,1
DA:159,1
DA:160,1
DA:162,0
DA:163,0
DA:164,0
DA:165,0
DA:166,0
DA:167,0
DA:168,0
DA:173,1
DA:175,1
DA:177,1
DA:178,2
DA:179,1
DA:181,2
DA:185,1
DA:187,3
DA:188,3
DA:193,1
DA:194,1
DA:195,1
DA:197,1
DA:198,1
DA:205,1
DA:206,1
DA:209,1
DA:211,1
DA:213,2
DA:217,1
DA:218,2
DA:219,1
DA:226,2
DA:227,1
DA:229,1
DA:230,1
DA:234,1
DA:236,1
DA:238,2
DA:242,1
DA:243,2
DA:244,3
DA:245,3
DA:250,1
DA:251,1
DA:257,1
DA:260,1
DA:261,1
DA:264,1
DA:265,0
DA:267,1
DA:268,2
DA:270,1
DA:271,2
DA:272,1
DA:273,1
DA:277,1
DA:279,0
DA:281,0
DA:282,0
DA:283,0
DA:285,0
DA:286,0
DA:287,0
DA:289,0
DA:292,0
DA:293,0
DA:294,0
DA:295,0
DA:296,0
LF:135
LH:95
end_of_record
SF:lib/services/auth_service.dart
DA:14,0
DA:19,0
DA:20,0
DA:21,0
DA:22,0
DA:27,1
DA:29,0
DA:30,0
DA:32,0
DA:33,0
DA:36,0
DA:37,0
DA:38,0
DA:39,0
DA:46,0
DA:47,0
DA:48,0
DA:50,0
DA:52,0
DA:54,0
DA:55,0
DA:57,0
DA:58,0
DA:60,0
DA:61,0
DA:64,0
DA:67,0
DA:68,0
DA:72,0
DA:73,0
DA:76,0
DA:77,0
DA:80,0
DA:81,0
DA:82,0
DA:83,0
DA:84,0
DA:85,0
DA:86,0
DA:87,0
DA:88,0
DA:89,0
DA:90,0
DA:94,0
DA:96,0
DA:97,0
DA:98,0
LF:47
LH:1
end_of_record
SF:lib/models/user_model.dart
DA:12,0
DA:24,0
DA:25,0
DA:26,0
DA:27,0
DA:28,0
DA:29,0
DA:30,0
DA:31,0
DA:32,0
DA:35,0
DA:36,0
DA:37,0
DA:39,0
DA:40,0
DA:41,0
DA:42,0
DA:43,0
DA:44,0
DA:46,0
DA:48,0
LF:21
LH:0
end_of_record
SF:lib/models/report_model.dart
DA:13,0
DA:26,0
DA:27,0
DA:28,0
DA:29,0
DA:30,0
DA:31,0
DA:32,0
DA:33,0
DA:34,0
DA:37,0
DA:38,0
DA:39,0
DA:41,0
DA:42,0
DA:43,0
DA:44,0
DA:45,0
DA:46,0
DA:47,0
DA:48,0
DA:49,0
DA:50,0
DA:52,0
LF:24
LH:0
end_of_record
SF:lib/screens/home/home_screen.dart
DA:12,0
DA:14,0
DA:15,0
DA:21,0
DA:23,0
DA:24,0
DA:25,0
DA:26,0
DA:27,0
DA:28,0
DA:30,0
DA:36,0
DA:38,0
DA:42,0
DA:44,0
DA:45,0
DA:46,0
DA:47,0
DA:48,0
DA:49,0
DA:55,0
DA:56,0
DA:57,0
DA:58,0
DA:62,0
DA:63,0
DA:68,0
LF:27
LH:0
end_of_record
SF:lib/utils/phone_utils.dart
DA:3,2
DA:4,2
DA:5,2
DA:8,4
DA:11,2
DA:12,3
DA:13,2
DA:14,1
DA:18,2
DA:19,3
DA:20,1
DA:21,1
DA:25,4
DA:26,2
DA:29,2
DA:30,1
DA:34,2
DA:35,4
DA:39,4
DA:40,2
DA:44,2
DA:45,0
LF:22
LH:21
end_of_record
SF:lib/screens/feed/feed_screen.dart
DA:11,1
DA:13,0
DA:14,0
DA:21,0
DA:23,0
DA:24,0
DA:27,0
DA:29,0
DA:30,0
DA:31,0
DA:32,0
DA:33,0
DA:38,0
DA:39,0
DA:40,0
DA:41,0
DA:47,0
DA:49,0
DA:50,0
DA:51,0
DA:52,0
DA:53,0
DA:56,0
DA:57,0
DA:62,0
DA:64,0
DA:65,0
DA:66,0
DA:67,0
DA:68,0
DA:69,0
DA:70,0
DA:71,0
DA:72,0
DA:74,0
DA:75,0
DA:77,0
DA:78,0
DA:79,0
DA:80,0
DA:87,0
LF:41
LH:1
end_of_record
SF:lib/services/location_service.dart
DA:10,0
DA:14,0
DA:16,0
DA:18,0
DA:26,0
DA:28,0
DA:30,0
DA:31,0
DA:32,0
DA:40,0
DA:41,0
DA:48,0
DA:51,0
DA:53,0
DA:54,0
DA:62,0
DA:68,0
DA:70,0
DA:72,0
DA:77,0
DA:84,0
DA:85,0
DA:88,0
DA:89,0
DA:91,0
DA:92,0
DA:93,0
DA:94,0
DA:96,0
LF:29
LH:0
end_of_record
SF:lib/services/report_service.dart
DA:14,0
DA:15,0
DA:16,0
DA:17,0
DA:18,0
DA:19,0
DA:20,0
DA:21,0
DA:22,0
DA:25,0
DA:27,0
DA:28,0
DA:29,0
DA:32,0
DA:41,0
DA:45,0
DA:48,0
DA:54,0
DA:57,0
DA:59,0
DA:61,0
DA:65,0
DA:66,0
DA:67,0
DA:68,0
DA:69,0
LF:26
LH:0
end_of_record
SF:lib/widgets/report_card.dart
DA:13,0
DA:21,0
DA:22,0
DA:24,0
DA:25,0
DA:26,0
DA:29,0
DA:31,0
DA:32,0
DA:34,0
DA:36,0
DA:37,0
DA:38,0
DA:39,0
DA:40,0
DA:42,0
DA:44,0
DA:46,0
DA:47,0
DA:48,0
DA:49,0
DA:50,0
DA:51,0
DA:54,0
DA:55,0
DA:56,0
DA:58,0
DA:59,0
DA:60,0
DA:61,0
DA:65,0
DA:66,0
DA:67,0
DA:68,0
DA:69,0
DA:70,0
DA:71,0
DA:77,0
DA:79,0
DA:81,0
DA:82,0
DA:83,0
DA:86,0
DA:88,0
DA:89,0
DA:90,0
DA:94,0
DA:95,0
DA:97,0
DA:98,0
DA:99,0
DA:101,0
DA:102,0
DA:106,0
DA:107,0
DA:108,0
DA:115,0
DA:119,0
DA:120,0
DA:121,0
DA:123,0
DA:124,0
LF:62
LH:0
end_of_record
SF:lib/screens/map/map_screen.dart
DA:10,1
DA:12,0
DA:13,0
DA:26,0
DA:28,0
DA:29,0
DA:30,0
DA:31,0
DA:32,0
DA:33,0
DA:34,0
DA:35,0
DA:36,0
DA:37,0
DA:39,0
DA:42,0
DA:43,0
DA:47,0
DA:49,0
DA:50,0
DA:51,0
DA:54,0
DA:56,0
DA:61,0
DA:62,0
LF:25
LH:1
end_of_record
SF:lib/screens/report/create_report_screen.dart
DA:13,0
DA:15,0
DA:16,0
DA:27,0
DA:28,0
DA:29,0
DA:30,0
DA:33,0
DA:34,0
DA:35,0
DA:36,0
DA:39,0
DA:40,0
DA:43,0
DA:44,0
DA:45,0
DA:46,0
DA:50,0
DA:52,0
DA:55,0
DA:56,0
DA:57,0
DA:58,0
DA:59,0
DA:60,0
DA:61,0
DA:63,0
DA:65,0
DA:66,0
DA:67,0
DA:71,0
DA:73,0
DA:77,0
DA:79,0
DA:80,0
DA:81,0
DA:83,0
DA:85,0
DA:86,0
DA:87,0
DA:88,0
DA:89,0
DA:90,0
DA:96,0
DA:97,0
DA:98,0
DA:106,0
DA:107,0
DA:108,0
DA:109,0
DA:112,0
DA:113,0
DA:114,0
DA:121,0
DA:122,0
DA:123,0
DA:131,0
DA:132,0
DA:133,0
DA:136,0
DA:137,0
DA:139,0
DA:141,0
DA:142,0
DA:144,0
DA:145,0
LF:66
LH:0
end_of_record
